<?xml version="1.0" encoding="UTF-8"?>
<!-- Generated by org.testng.reporters.JUnitReportReporter -->
<testsuite hostname="A-One-Smart-Center" failures="0" tests="4" name="com.steps.TestRunner" time="23.909" errors="0" timestamp="2023-09-21T13:37:33 IST" skipped="0">
  <testcase classname="com.steps.TestRunner" name="runScenario" time="5.766"/>
  <system-out/>
  <testcase classname="com.steps.TestRunner" name="runScenario" time="5.900"/>
  <system-out/>
  <testcase classname="com.steps.TestRunner" name="runScenario" time="3.683"/>
  <system-out/>
  <testcase classname="com.steps.TestRunner" name="runScenario" time="8.560"/>
  <system-out/>
</testsuite> <!-- com.steps.TestRunner -->
